Determining if the include file dirent.h exists failed with the following output:
Change Dir: D:/Development/op3d_active/pcre-8.33/msvc/CMakeFiles/CMakeTmp

Run Build Command:C:\PROGRA~2\MICROS~3.0\Common7\IDE\devenv.com CMAKE_TRY_COMPILE.sln /build Debug /project cmTryCompileExec3211355168

Microsoft (R) Microsoft Visual Studio 2012 Version 11.0.61030.0.
Copyright (C) Microsoft Corp. All rights reserved.
1>------ Build started: Project: cmTryCompileExec3211355168, Configuration: Debug Win32 ------
1>  Microsoft (R) C/C++ Optimizing Compiler Version 17.00.61030 for x86
1>  Copyright (C) Microsoft Corporation.  All rights reserved.
1>  
1>  cl /c /Zi /W3 /WX- /Od /Ob0 /Oy- /D WIN32 /D _WINDOWS /D _DEBUG /D "CMAKE_INTDIR=\"Debug\"" /D _MBCS /Gm- /RTC1 /MDd /GS /fp:precise /Zc:wchar_t /Zc:forScope /Fo"cmTryCompileExec3211355168.dir\Debug\\" /Fd"D:/Development/op3d_active/pcre-8.33/msvc/CMakeFiles/CMakeTmp/Debug/cmTryCompileExec3211355168.pdb" /Gd /TC /analyze- /errorReport:prompt  /Zm1000 CheckIncludeFile.c
1>  
1>  CheckIncludeFile.c
1>CheckIncludeFile.c(1): fatal error C1083: Cannot open include file: 'dirent.h': No such file or directory
========== Build: 0 succeeded, 1 failed, 0 up-to-date, 0 skipped ==========


Determining if the include file inttypes.h exists failed with the following output:
Change Dir: D:/Development/op3d_active/pcre-8.33/msvc/CMakeFiles/CMakeTmp

Run Build Command:C:\PROGRA~2\MICROS~3.0\Common7\IDE\devenv.com CMAKE_TRY_COMPILE.sln /build Debug /project cmTryCompileExec3314397958

Microsoft (R) Microsoft Visual Studio 2012 Version 11.0.61030.0.
Copyright (C) Microsoft Corp. All rights reserved.
1>------ Build started: Project: cmTryCompileExec3314397958, Configuration: Debug Win32 ------
1>  Microsoft (R) C/C++ Optimizing Compiler Version 17.00.61030 for x86
1>  Copyright (C) Microsoft Corporation.  All rights reserved.
1>  
1>  cl /c /Zi /W3 /WX- /Od /Ob0 /Oy- /D WIN32 /D _WINDOWS /D _DEBUG /D "CMAKE_INTDIR=\"Debug\"" /D _MBCS /Gm- /RTC1 /MDd /GS /fp:precise /Zc:wchar_t /Zc:forScope /Fo"cmTryCompileExec3314397958.dir\Debug\\" /Fd"D:/Development/op3d_active/pcre-8.33/msvc/CMakeFiles/CMakeTmp/Debug/cmTryCompileExec3314397958.pdb" /Gd /TC /analyze- /errorReport:prompt  /Zm1000 CheckIncludeFile.c
1>  
1>  CheckIncludeFile.c
1>CheckIncludeFile.c(1): fatal error C1083: Cannot open include file: 'inttypes.h': No such file or directory
========== Build: 0 succeeded, 1 failed, 0 up-to-date, 0 skipped ==========


Determining if the include file unistd.h exists failed with the following output:
Change Dir: D:/Development/op3d_active/pcre-8.33/msvc/CMakeFiles/CMakeTmp

Run Build Command:C:\PROGRA~2\MICROS~3.0\Common7\IDE\devenv.com CMAKE_TRY_COMPILE.sln /build Debug /project cmTryCompileExec1831723734

Microsoft (R) Microsoft Visual Studio 2012 Version 11.0.61030.0.
Copyright (C) Microsoft Corp. All rights reserved.
1>------ Build started: Project: cmTryCompileExec1831723734, Configuration: Debug Win32 ------
1>  Microsoft (R) C/C++ Optimizing Compiler Version 17.00.61030 for x86
1>  Copyright (C) Microsoft Corporation.  All rights reserved.
1>  
1>  cl /c /Zi /W3 /WX- /Od /Ob0 /Oy- /D WIN32 /D _WINDOWS /D _DEBUG /D "CMAKE_INTDIR=\"Debug\"" /D _MBCS /Gm- /RTC1 /MDd /GS /fp:precise /Zc:wchar_t /Zc:forScope /Fo"cmTryCompileExec1831723734.dir\Debug\\" /Fd"D:/Development/op3d_active/pcre-8.33/msvc/CMakeFiles/CMakeTmp/Debug/cmTryCompileExec1831723734.pdb" /Gd /TC /analyze- /errorReport:prompt  /Zm1000 CheckIncludeFile.c
1>  
1>  CheckIncludeFile.c
1>CheckIncludeFile.c(1): fatal error C1083: Cannot open include file: 'unistd.h': No such file or directory
========== Build: 0 succeeded, 1 failed, 0 up-to-date, 0 skipped ==========


Determining if the include file type_traits.h exists failed with the following output:
Change Dir: D:/Development/op3d_active/pcre-8.33/msvc/CMakeFiles/CMakeTmp

Run Build Command:C:\PROGRA~2\MICROS~3.0\Common7\IDE\devenv.com CMAKE_TRY_COMPILE.sln /build Debug /project cmTryCompileExec1435683282

Microsoft (R) Microsoft Visual Studio 2012 Version 11.0.61030.0.
Copyright (C) Microsoft Corp. All rights reserved.
1>------ Build started: Project: cmTryCompileExec1435683282, Configuration: Debug Win32 ------
1>  Microsoft (R) C/C++ Optimizing Compiler Version 17.00.61030 for x86
1>  Copyright (C) Microsoft Corporation.  All rights reserved.
1>  
1>  cl /c /Zi /W3 /WX- /Od /Ob0 /Oy- /D WIN32 /D _WINDOWS /D _DEBUG /D "CMAKE_INTDIR=\"Debug\"" /D _MBCS /Gm- /EHsc /RTC1 /MDd /GS /fp:precise /Zc:wchar_t /Zc:forScope /GR /Fo"cmTryCompileExec1435683282.dir\Debug\\" /Fd"D:/Development/op3d_active/pcre-8.33/msvc/CMakeFiles/CMakeTmp/Debug/cmTryCompileExec1435683282.pdb" /Gd /TP /analyze- /errorReport:prompt  /Zm1000 CheckIncludeFile.cxx
1>  
1>  CheckIncludeFile.cxx
1>CheckIncludeFile.cxx(1): fatal error C1083: Cannot open include file: 'type_traits.h': No such file or directory
========== Build: 0 succeeded, 1 failed, 0 up-to-date, 0 skipped ==========


Determining if the include file bits/type_traits.h exists failed with the following output:
Change Dir: D:/Development/op3d_active/pcre-8.33/msvc/CMakeFiles/CMakeTmp

Run Build Command:C:\PROGRA~2\MICROS~3.0\Common7\IDE\devenv.com CMAKE_TRY_COMPILE.sln /build Debug /project cmTryCompileExec4211959498

Microsoft (R) Microsoft Visual Studio 2012 Version 11.0.61030.0.
Copyright (C) Microsoft Corp. All rights reserved.
1>------ Build started: Project: cmTryCompileExec4211959498, Configuration: Debug Win32 ------
1>  Microsoft (R) C/C++ Optimizing Compiler Version 17.00.61030 for x86
1>  Copyright (C) Microsoft Corporation.  All rights reserved.
1>  
1>  cl /c /Zi /W3 /WX- /Od /Ob0 /Oy- /D WIN32 /D _WINDOWS /D _DEBUG /D "CMAKE_INTDIR=\"Debug\"" /D _MBCS /Gm- /EHsc /RTC1 /MDd /GS /fp:precise /Zc:wchar_t /Zc:forScope /GR /Fo"cmTryCompileExec4211959498.dir\Debug\\" /Fd"D:/Development/op3d_active/pcre-8.33/msvc/CMakeFiles/CMakeTmp/Debug/cmTryCompileExec4211959498.pdb" /Gd /TP /analyze- /errorReport:prompt  /Zm1000 CheckIncludeFile.cxx
1>  
1>  CheckIncludeFile.cxx
1>CheckIncludeFile.cxx(1): fatal error C1083: Cannot open include file: 'bits/type_traits.h': No such file or directory
========== Build: 0 succeeded, 1 failed, 0 up-to-date, 0 skipped ==========


Determining if the function bcopy exists failed with the following output:
Change Dir: D:/Development/op3d_active/pcre-8.33/msvc/CMakeFiles/CMakeTmp

Run Build Command:C:\PROGRA~2\MICROS~3.0\Common7\IDE\devenv.com CMAKE_TRY_COMPILE.sln /build Debug /project cmTryCompileExec902250311

Microsoft (R) Microsoft Visual Studio 2012 Version 11.0.61030.0.
Copyright (C) Microsoft Corp. All rights reserved.
1>------ Build started: Project: cmTryCompileExec902250311, Configuration: Debug Win32 ------
1>  Microsoft (R) C/C++ Optimizing Compiler Version 17.00.61030 for x86
1>  Copyright (C) Microsoft Corporation.  All rights reserved.
1>  
1>  cl /c /Zi /W3 /WX- /Od /Ob0 /Oy- /D WIN32 /D _WINDOWS /D CHECK_FUNCTION_EXISTS=bcopy /D _DEBUG /D "CMAKE_INTDIR=\"Debug\"" /D _MBCS /Gm- /RTC1 /MDd /GS /fp:precise /Zc:wchar_t /Zc:forScope /Fo"cmTryCompileExec902250311.dir\Debug\\" /Fd"D:/Development/op3d_active/pcre-8.33/msvc/CMakeFiles/CMakeTmp/Debug/cmTryCompileExec902250311.pdb" /Gd /TC /analyze- /errorReport:prompt  /Zm1000 "C:\Program Files (x86)\CMake 2.8\share\cmake-2.8\Modules\CheckFunctionExists.c"
1>  
1>  CheckFunctionExists.c
1>CheckFunctionExists.obj : error LNK2019: unresolved external symbol _bcopy referenced in function _main
1>D:\Development\op3d_active\pcre-8.33\msvc\CMakeFiles\CMakeTmp\Debug\cmTryCompileExec902250311.exe : fatal error LNK1120: 1 unresolved externals
========== Build: 0 succeeded, 1 failed, 0 up-to-date, 0 skipped ==========


Determining if the function strtoll exists failed with the following output:
Change Dir: D:/Development/op3d_active/pcre-8.33/msvc/CMakeFiles/CMakeTmp

Run Build Command:C:\PROGRA~2\MICROS~3.0\Common7\IDE\devenv.com CMAKE_TRY_COMPILE.sln /build Debug /project cmTryCompileExec1063425759

Microsoft (R) Microsoft Visual Studio 2012 Version 11.0.61030.0.
Copyright (C) Microsoft Corp. All rights reserved.
1>------ Build started: Project: cmTryCompileExec1063425759, Configuration: Debug Win32 ------
1>  Microsoft (R) C/C++ Optimizing Compiler Version 17.00.61030 for x86
1>  Copyright (C) Microsoft Corporation.  All rights reserved.
1>  
1>  cl /c /Zi /W3 /WX- /Od /Ob0 /Oy- /D WIN32 /D _WINDOWS /D CHECK_FUNCTION_EXISTS=strtoll /D _DEBUG /D "CMAKE_INTDIR=\"Debug\"" /D _MBCS /Gm- /RTC1 /MDd /GS /fp:precise /Zc:wchar_t /Zc:forScope /Fo"cmTryCompileExec1063425759.dir\Debug\\" /Fd"D:/Development/op3d_active/pcre-8.33/msvc/CMakeFiles/CMakeTmp/Debug/cmTryCompileExec1063425759.pdb" /Gd /TC /analyze- /errorReport:prompt  /Zm1000 "C:\Program Files (x86)\CMake 2.8\share\cmake-2.8\Modules\CheckFunctionExists.c"
1>  
1>  CheckFunctionExists.c
1>CheckFunctionExists.obj : error LNK2019: unresolved external symbol _strtoll referenced in function _main
1>D:\Development\op3d_active\pcre-8.33\msvc\CMakeFiles\CMakeTmp\Debug\cmTryCompileExec1063425759.exe : fatal error LNK1120: 1 unresolved externals
========== Build: 0 succeeded, 1 failed, 0 up-to-date, 0 skipped ==========


Determining if the function strtoq exists failed with the following output:
Change Dir: D:/Development/op3d_active/pcre-8.33/msvc/CMakeFiles/CMakeTmp

Run Build Command:C:\PROGRA~2\MICROS~3.0\Common7\IDE\devenv.com CMAKE_TRY_COMPILE.sln /build Debug /project cmTryCompileExec3224312776

Microsoft (R) Microsoft Visual Studio 2012 Version 11.0.61030.0.
Copyright (C) Microsoft Corp. All rights reserved.
1>------ Build started: Project: cmTryCompileExec3224312776, Configuration: Debug Win32 ------
1>  Microsoft (R) C/C++ Optimizing Compiler Version 17.00.61030 for x86
1>  Copyright (C) Microsoft Corporation.  All rights reserved.
1>  
1>  cl /c /Zi /W3 /WX- /Od /Ob0 /Oy- /D WIN32 /D _WINDOWS /D CHECK_FUNCTION_EXISTS=strtoq /D _DEBUG /D "CMAKE_INTDIR=\"Debug\"" /D _MBCS /Gm- /RTC1 /MDd /GS /fp:precise /Zc:wchar_t /Zc:forScope /Fo"cmTryCompileExec3224312776.dir\Debug\\" /Fd"D:/Development/op3d_active/pcre-8.33/msvc/CMakeFiles/CMakeTmp/Debug/cmTryCompileExec3224312776.pdb" /Gd /TC /analyze- /errorReport:prompt  /Zm1000 "C:\Program Files (x86)\CMake 2.8\share\cmake-2.8\Modules\CheckFunctionExists.c"
1>  
1>  CheckFunctionExists.c
1>CheckFunctionExists.obj : error LNK2019: unresolved external symbol _strtoq referenced in function _main
1>D:\Development\op3d_active\pcre-8.33\msvc\CMakeFiles\CMakeTmp\Debug\cmTryCompileExec3224312776.exe : fatal error LNK1120: 1 unresolved externals
========== Build: 0 succeeded, 1 failed, 0 up-to-date, 0 skipped ==========


